This is pdfTeX, Version 3.14159265-2.6-1.40.21 (TeX Live 2020/W32TeX) (preloaded format=pdflatex 2020.9.20)  8 NOV 2020 09:21
entering extended mode
 restricted \write18 enabled.
 %&-line parsing enabled.
**tree-correlation-table.tex
(./tree-correlation-table.tex
LaTeX2e <2020-02-02> patch level 5
L3 programming layer <2020-09-06>

! LaTeX Error: Environment sidewaystable undefined.

See the LaTeX manual or LaTeX Companion for explanation.
Type  H <return>  for immediate help.
 ...                                              
                                                  
l.1 \begin{sidewaystable}
                         [!htbp]
? 
! Emergency stop.
 ...                                              
                                                  
l.1 \begin{sidewaystable}
                         [!htbp]
Your command was ignored.
Type  I <command> <return>  to replace it with another command,
or  <return>  to continue without it.

 
Here is how much of TeX's memory you used:
 17 strings out of 482799
 593 string characters out of 5953361
 238693 words of memory out of 5000000
 15505 multiletter control sequences out of 15000+600000
 535088 words of font info for 29 fonts, out of 8000000 for 9000
 14 hyphenation exceptions out of 8191
 12i,0n,15p,86b,16s stack positions out of 5000i,500n,10000p,200000b,80000s
!  ==> Fatal error occurred, no output PDF file produced!
