top - 08:11:07 up 35 days, 13:49,  8 users,  load average: 0.11, 0.07, 0.08
Tasks:   1 total,   0 running,   1 sleeping,   0 stopped,   0 zombie
%Cpu(s):  0.2 us,  0.1 sy,  0.1 ni, 99.2 id,  0.4 wa,  0.0 hi,  0.0 si,  0.0 st
KiB Mem:  13229052+total, 10543306+used, 26857468 free,  7359332 buffers
KiB Swap: 11869180 total,     4456 used, 11864724 free. 92406352 cached Mem

  PID USER      PR  NI    VIRT    RES    SHR S  %CPU %MEM     TIME+ COMMAND
12280 www-data  20   0  914184 494856  13116 S   0.0  0.4   0:00.12 apache2
top - 08:11:13 up 35 days, 13:49,  8 users,  load average: 0.50, 0.15, 0.11
Tasks:   1 total,   0 running,   1 sleeping,   0 stopped,   0 zombie
%Cpu(s):  0.2 us,  0.1 sy,  0.1 ni, 99.2 id,  0.4 wa,  0.0 hi,  0.0 si,  0.0 st
KiB Mem:  13229052+total, 10549341+used, 26797116 free,  7359340 buffers
KiB Swap: 11869180 total,     4456 used, 11864724 free. 92411720 cached Mem

  PID USER      PR  NI    VIRT    RES    SHR S  %CPU %MEM     TIME+ COMMAND
12280 www-data  20   0  916276 505900  24148 S   0.0  0.4   0:01.26 apache2
top - 08:11:18 up 35 days, 13:49,  8 users,  load average: 0.54, 0.17, 0.11
Tasks:   1 total,   0 running,   1 sleeping,   0 stopped,   0 zombie
%Cpu(s):  0.2 us,  0.1 sy,  0.1 ni, 99.2 id,  0.4 wa,  0.0 hi,  0.0 si,  0.0 st
KiB Mem:  13229052+total, 10549765+used, 26792876 free,  7359340 buffers
KiB Swap: 11869180 total,     4456 used, 11864724 free. 92413664 cached Mem

  PID USER      PR  NI    VIRT    RES    SHR S  %CPU %MEM     TIME+ COMMAND
12280 www-data  20   0  916276 505900  24148 S   0.0  0.4   0:01.55 apache2
top - 08:11:23 up 35 days, 13:49,  8 users,  load average: 0.58, 0.18, 0.12
Tasks:   1 total,   0 running,   1 sleeping,   0 stopped,   0 zombie
%Cpu(s):  0.2 us,  0.1 sy,  0.1 ni, 99.2 id,  0.4 wa,  0.0 hi,  0.0 si,  0.0 st
KiB Mem:  13229052+total, 11229582+used, 19994712 free,  7359344 buffers
KiB Swap: 11869180 total,     4456 used, 11864724 free. 92415592 cached Mem

  PID USER      PR  NI    VIRT    RES    SHR S  %CPU %MEM     TIME+ COMMAND
12280 www-data  20   0  916276 505900  24148 S   0.0  0.4   0:01.70 apache2
top - 08:11:28 up 35 days, 13:49,  8 users,  load average: 1.66, 0.41, 0.19
Tasks:   1 total,   0 running,   1 sleeping,   0 stopped,   0 zombie
%Cpu(s):  0.2 us,  0.1 sy,  0.1 ni, 99.2 id,  0.4 wa,  0.0 hi,  0.0 si,  0.0 st
KiB Mem:  13229052+total, 11305491+used, 19235616 free,  7359344 buffers
KiB Swap: 11869180 total,     4456 used, 11864724 free. 92436784 cached Mem

  PID USER      PR  NI    VIRT    RES    SHR S  %CPU %MEM     TIME+ COMMAND
12280 www-data  20   0  916276 505900  24148 S   0.0  0.4   0:01.70 apache2
top - 08:11:33 up 35 days, 13:49,  8 users,  load average: 2.88, 0.69, 0.28
Tasks:   1 total,   0 running,   1 sleeping,   0 stopped,   0 zombie
%Cpu(s):  0.2 us,  0.1 sy,  0.1 ni, 99.2 id,  0.4 wa,  0.0 hi,  0.0 si,  0.0 st
KiB Mem:  13229052+total, 11360492+used, 18685600 free,  7359348 buffers
KiB Swap: 11869180 total,     4456 used, 11864724 free. 92437632 cached Mem

  PID USER      PR  NI    VIRT    RES    SHR S  %CPU %MEM     TIME+ COMMAND
12280 www-data  20   0  916276 505900  24148 S   0.0  0.4   0:01.70 apache2
top - 08:11:38 up 35 days, 13:50,  8 users,  load average: 4.10, 0.97, 0.38
Tasks:   1 total,   0 running,   1 sleeping,   0 stopped,   0 zombie
%Cpu(s):  0.2 us,  0.1 sy,  0.1 ni, 99.2 id,  0.4 wa,  0.0 hi,  0.0 si,  0.0 st
KiB Mem:  13229052+total, 11398822+used, 18302308 free,  7359348 buffers
KiB Swap: 11869180 total,     4456 used, 11864724 free. 92438960 cached Mem

  PID USER      PR  NI    VIRT    RES    SHR S  %CPU %MEM     TIME+ COMMAND
12280 www-data  20   0  916276 505900  24148 S   0.0  0.4   0:01.70 apache2
top - 08:11:44 up 35 days, 13:50,  8 users,  load average: 5.13, 1.24, 0.46
Tasks:   1 total,   0 running,   1 sleeping,   0 stopped,   0 zombie
%Cpu(s):  0.2 us,  0.1 sy,  0.1 ni, 99.2 id,  0.4 wa,  0.0 hi,  0.0 si,  0.0 st
KiB Mem:  13229052+total, 11459824+used, 17692284 free,  7359352 buffers
KiB Swap: 11869180 total,     4456 used, 11864724 free. 92440440 cached Mem

  PID USER      PR  NI    VIRT    RES    SHR S  %CPU %MEM     TIME+ COMMAND
12280 www-data  20   0  916276 505900  24148 S   0.0  0.4   0:01.70 apache2
top - 08:11:49 up 35 days, 13:50,  8 users,  load average: 6.08, 1.50, 0.55
Tasks:   1 total,   0 running,   1 sleeping,   0 stopped,   0 zombie
%Cpu(s):  0.2 us,  0.1 sy,  0.1 ni, 99.2 id,  0.4 wa,  0.0 hi,  0.0 si,  0.0 st
KiB Mem:  13229052+total, 11488904+used, 17401484 free,  7359360 buffers
KiB Swap: 11869180 total,     4456 used, 11864724 free. 92440512 cached Mem

  PID USER      PR  NI    VIRT    RES    SHR S  %CPU %MEM     TIME+ COMMAND
12280 www-data  20   0  916276 505900  24148 S   0.0  0.4   0:01.70 apache2
top - 08:11:54 up 35 days, 13:50,  8 users,  load average: 6.95, 1.76, 0.64
Tasks:   1 total,   0 running,   1 sleeping,   0 stopped,   0 zombie
%Cpu(s):  0.2 us,  0.1 sy,  0.1 ni, 99.2 id,  0.4 wa,  0.0 hi,  0.0 si,  0.0 st
KiB Mem:  13229052+total, 11523896+used, 17051564 free,  7359368 buffers
KiB Swap: 11869180 total,     4456 used, 11864724 free. 92440640 cached Mem

  PID USER      PR  NI    VIRT    RES    SHR S  %CPU %MEM     TIME+ COMMAND
12280 www-data  20   0  916276 505900  24148 S   0.0  0.4   0:01.70 apache2
top - 08:11:59 up 35 days, 13:50,  8 users,  load average: 7.76, 2.01, 0.73
Tasks:   1 total,   0 running,   1 sleeping,   0 stopped,   0 zombie
%Cpu(s):  0.2 us,  0.1 sy,  0.1 ni, 99.2 id,  0.4 wa,  0.0 hi,  0.0 si,  0.0 st
KiB Mem:  13229052+total, 11491787+used, 17372660 free,  7359376 buffers
KiB Swap: 11869180 total,     4456 used, 11864724 free. 92440752 cached Mem

  PID USER      PR  NI    VIRT    RES    SHR S  %CPU %MEM     TIME+ COMMAND
12280 www-data  20   0  916276 505900  24148 S   0.0  0.4   0:01.70 apache2
top - 08:12:04 up 35 days, 13:50,  8 users,  load average: 8.58, 2.28, 0.82
Tasks:   1 total,   0 running,   1 sleeping,   0 stopped,   0 zombie
%Cpu(s):  0.2 us,  0.1 sy,  0.1 ni, 99.2 id,  0.4 wa,  0.0 hi,  0.0 si,  0.0 st
KiB Mem:  13229052+total, 11478396+used, 17506572 free,  7359376 buffers
KiB Swap: 11869180 total,     4456 used, 11864724 free. 92440808 cached Mem

  PID USER      PR  NI    VIRT    RES    SHR S  %CPU %MEM     TIME+ COMMAND
12280 www-data  20   0  916276 505900  24148 S   0.0  0.4   0:01.70 apache2
top - 08:12:09 up 35 days, 13:50,  8 users,  load average: 9.09, 2.49, 0.90
Tasks:   1 total,   0 running,   1 sleeping,   0 stopped,   0 zombie
%Cpu(s):  0.2 us,  0.1 sy,  0.1 ni, 99.2 id,  0.4 wa,  0.0 hi,  0.0 si,  0.0 st
KiB Mem:  13229052+total, 11519624+used, 17094288 free,  7359380 buffers
KiB Swap: 11869180 total,     4456 used, 11864724 free. 92441408 cached Mem

  PID USER      PR  NI    VIRT    RES    SHR S  %CPU %MEM     TIME+ COMMAND
12280 www-data  20   0  916276 505900  24148 S   0.0  0.4   0:01.70 apache2
top - 08:12:14 up 35 days, 13:50,  8 users,  load average: 9.73, 2.73, 0.99
Tasks:   1 total,   0 running,   1 sleeping,   0 stopped,   0 zombie
%Cpu(s):  0.2 us,  0.1 sy,  0.1 ni, 99.2 id,  0.4 wa,  0.0 hi,  0.0 si,  0.0 st
KiB Mem:  13229052+total, 11567336+used, 16617172 free,  7359384 buffers
KiB Swap: 11869180 total,     4456 used, 11864724 free. 92449168 cached Mem

  PID USER      PR  NI    VIRT    RES    SHR S  %CPU %MEM     TIME+ COMMAND
12280 www-data  20   0  916276 505900  24148 S   0.0  0.4   0:01.70 apache2
top - 08:12:20 up 35 days, 13:50,  8 users,  load average: 10.47, 3.00, 1.08
Tasks:   1 total,   0 running,   1 sleeping,   0 stopped,   0 zombie
%Cpu(s):  0.2 us,  0.1 sy,  0.1 ni, 99.2 id,  0.4 wa,  0.0 hi,  0.0 si,  0.0 st
KiB Mem:  13229052+total, 11611041+used, 16180120 free,  7359392 buffers
KiB Swap: 11869180 total,     4456 used, 11864724 free. 92449920 cached Mem

  PID USER      PR  NI    VIRT    RES    SHR S  %CPU %MEM     TIME+ COMMAND
12280 www-data  20   0  916276 505900  24148 S   0.0  0.4   0:01.70 apache2
top - 08:12:25 up 35 days, 13:50,  8 users,  load average: 11.07, 3.25, 1.17
Tasks:   1 total,   0 running,   1 sleeping,   0 stopped,   0 zombie
%Cpu(s):  0.2 us,  0.1 sy,  0.1 ni, 99.2 id,  0.4 wa,  0.0 hi,  0.0 si,  0.0 st
KiB Mem:  13229052+total, 11627508+used, 16015444 free,  7359396 buffers
KiB Swap: 11869180 total,     4456 used, 11864724 free. 92449784 cached Mem

  PID USER      PR  NI    VIRT    RES    SHR S  %CPU %MEM     TIME+ COMMAND
12280 www-data  20   0  916276 505900  24148 S   0.0  0.4   0:01.70 apache2
top - 08:12:30 up 35 days, 13:50,  8 users,  load average: 11.47, 3.46, 1.25
Tasks:   1 total,   0 running,   1 sleeping,   0 stopped,   0 zombie
%Cpu(s):  0.2 us,  0.1 sy,  0.1 ni, 99.2 id,  0.4 wa,  0.0 hi,  0.0 si,  0.0 st
KiB Mem:  13229052+total, 11666812+used, 15622408 free,  7359400 buffers
KiB Swap: 11869180 total,     4456 used, 11864724 free. 92449792 cached Mem

  PID USER      PR  NI    VIRT    RES    SHR S  %CPU %MEM     TIME+ COMMAND
12280 www-data  20   0  916276 505900  24148 S   0.0  0.4   0:01.70 apache2
top - 08:12:35 up 35 days, 13:51,  8 users,  load average: 11.91, 3.69, 1.34
Tasks:   1 total,   0 running,   1 sleeping,   0 stopped,   0 zombie
%Cpu(s):  0.2 us,  0.1 sy,  0.1 ni, 99.2 id,  0.4 wa,  0.0 hi,  0.0 si,  0.0 st
KiB Mem:  13229052+total, 11672839+used, 15562140 free,  7359400 buffers
KiB Swap: 11869180 total,     4456 used, 11864724 free. 92450048 cached Mem

  PID USER      PR  NI    VIRT    RES    SHR S  %CPU %MEM     TIME+ COMMAND
12280 www-data  20   0  916276 505900  24148 S   0.0  0.4   0:01.70 apache2
top - 08:12:40 up 35 days, 13:51,  8 users,  load average: 12.40, 3.93, 1.43
Tasks:   1 total,   0 running,   1 sleeping,   0 stopped,   0 zombie
%Cpu(s):  0.2 us,  0.1 sy,  0.1 ni, 99.2 id,  0.4 wa,  0.0 hi,  0.0 si,  0.0 st
KiB Mem:  13229052+total, 11648283+used, 15807704 free,  7359400 buffers
KiB Swap: 11869180 total,     4456 used, 11864724 free. 92450136 cached Mem

  PID USER      PR  NI    VIRT    RES    SHR S  %CPU %MEM     TIME+ COMMAND
12280 www-data  20   0  916276 505900  24148 S   0.0  0.4   0:01.70 apache2
top - 08:12:45 up 35 days, 13:51,  8 users,  load average: 12.61, 4.11, 1.50
Tasks:   1 total,   0 running,   1 sleeping,   0 stopped,   0 zombie
%Cpu(s):  0.2 us,  0.1 sy,  0.1 ni, 99.2 id,  0.4 wa,  0.0 hi,  0.0 si,  0.0 st
KiB Mem:  13229052+total, 11577652+used, 16514008 free,  7359400 buffers
KiB Swap: 11869180 total,     4456 used, 11864724 free. 92450192 cached Mem

  PID USER      PR  NI    VIRT    RES    SHR S  %CPU %MEM     TIME+ COMMAND
12280 www-data  20   0  916276 505900  24148 S   0.0  0.4   0:01.70 apache2
top - 08:12:51 up 35 days, 13:51,  8 users,  load average: 12.52, 4.37, 1.62
Tasks:   1 total,   0 running,   1 sleeping,   0 stopped,   0 zombie
%Cpu(s):  0.2 us,  0.1 sy,  0.1 ni, 99.2 id,  0.4 wa,  0.0 hi,  0.0 si,  0.0 st
KiB Mem:  13229052+total, 11530095+used, 16989580 free,  7359400 buffers
KiB Swap: 11869180 total,     4456 used, 11864724 free. 92450224 cached Mem

  PID USER      PR  NI    VIRT    RES    SHR S  %CPU %MEM     TIME+ COMMAND
12280 www-data  20   0  916276 505900  24148 S   0.0  0.4   0:01.70 apache2
top - 08:12:56 up 35 days, 13:51,  8 users,  load average: 12.48, 4.50, 1.67
Tasks:   1 total,   0 running,   1 sleeping,   0 stopped,   0 zombie
%Cpu(s):  0.2 us,  0.1 sy,  0.1 ni, 99.2 id,  0.4 wa,  0.0 hi,  0.0 si,  0.0 st
KiB Mem:  13229052+total, 11506833+used, 17222200 free,  7359400 buffers
KiB Swap: 11869180 total,     4456 used, 11864724 free. 92467264 cached Mem

  PID USER      PR  NI    VIRT    RES    SHR S  %CPU %MEM     TIME+ COMMAND
12280 www-data  20   0  916276 505900  24148 S   0.0  0.4   0:01.70 apache2
top - 08:13:01 up 35 days, 13:51,  8 users,  load average: 12.28, 4.59, 1.72
Tasks:   1 total,   0 running,   1 sleeping,   0 stopped,   0 zombie
%Cpu(s):  0.2 us,  0.1 sy,  0.1 ni, 99.2 id,  0.4 wa,  0.0 hi,  0.0 si,  0.0 st
KiB Mem:  13229052+total, 11471193+used, 17578592 free,  7359404 buffers
KiB Swap: 11869180 total,     4456 used, 11864724 free. 92467456 cached Mem

  PID USER      PR  NI    VIRT    RES    SHR S  %CPU %MEM     TIME+ COMMAND
12280 www-data  20   0  916276 505900  24148 S   0.0  0.4   0:01.70 apache2
top - 08:13:06 up 35 days, 13:51,  8 users,  load average: 12.18, 4.70, 1.77
Tasks:   1 total,   0 running,   1 sleeping,   0 stopped,   0 zombie
%Cpu(s):  0.2 us,  0.1 sy,  0.1 ni, 99.2 id,  0.4 wa,  0.0 hi,  0.0 si,  0.0 st
KiB Mem:  13229052+total, 11462712+used, 17663412 free,  7359408 buffers
KiB Swap: 11869180 total,     4456 used, 11864724 free. 92467472 cached Mem

  PID USER      PR  NI    VIRT    RES    SHR S  %CPU %MEM     TIME+ COMMAND
12280 www-data  20   0  916276 505900  24148 S   0.0  0.4   0:01.70 apache2
top - 08:13:11 up 35 days, 13:51,  8 users,  load average: 12.24, 4.83, 1.83
Tasks:   1 total,   0 running,   1 sleeping,   0 stopped,   0 zombie
%Cpu(s):  0.2 us,  0.1 sy,  0.1 ni, 99.2 id,  0.4 wa,  0.0 hi,  0.0 si,  0.0 st
KiB Mem:  13229052+total, 11444396+used, 17846560 free,  7359408 buffers
KiB Swap: 11869180 total,     4456 used, 11864724 free. 92468160 cached Mem

  PID USER      PR  NI    VIRT    RES    SHR S  %CPU %MEM     TIME+ COMMAND
12280 www-data  20   0  916276 505900  24148 S   0.0  0.4   0:01.70 apache2
top - 08:13:16 up 35 days, 13:51,  8 users,  load average: 12.06, 4.92, 1.87
Tasks:   1 total,   0 running,   1 sleeping,   0 stopped,   0 zombie
%Cpu(s):  0.2 us,  0.1 sy,  0.1 ni, 99.2 id,  0.4 wa,  0.0 hi,  0.0 si,  0.0 st
KiB Mem:  13229052+total, 11467100+used, 17619524 free,  7359412 buffers
KiB Swap: 11869180 total,     4456 used, 11864724 free. 92468464 cached Mem

  PID USER      PR  NI    VIRT    RES    SHR S  %CPU %MEM     TIME+ COMMAND
12280 www-data  20   0  916276 505900  24148 S   0.0  0.4   0:01.70 apache2
top - 08:13:22 up 35 days, 13:51,  8 users,  load average: 12.06, 5.04, 1.93
Tasks:   1 total,   0 running,   1 sleeping,   0 stopped,   0 zombie
%Cpu(s):  0.2 us,  0.1 sy,  0.1 ni, 99.2 id,  0.4 wa,  0.0 hi,  0.0 si,  0.0 st
KiB Mem:  13229052+total, 11452616+used, 17764364 free,  7359412 buffers
KiB Swap: 11869180 total,     4456 used, 11864724 free. 92468656 cached Mem

  PID USER      PR  NI    VIRT    RES    SHR S  %CPU %MEM     TIME+ COMMAND
12280 www-data  20   0  916276 505900  24148 S   0.0  0.4   0:01.70 apache2
top - 08:13:27 up 35 days, 13:51,  8 users,  load average: 12.05, 5.15, 1.98
Tasks:   1 total,   0 running,   1 sleeping,   0 stopped,   0 zombie
%Cpu(s):  0.2 us,  0.1 sy,  0.1 ni, 99.2 id,  0.4 wa,  0.0 hi,  0.0 si,  0.0 st
KiB Mem:  13229052+total, 11478038+used, 17510148 free,  7359416 buffers
KiB Swap: 11869180 total,     4456 used, 11864724 free. 92468656 cached Mem

  PID USER      PR  NI    VIRT    RES    SHR S  %CPU %MEM     TIME+ COMMAND
12280 www-data  20   0  916276 505900  24148 S   0.0  0.4   0:01.70 apache2
top - 08:13:32 up 35 days, 13:51,  8 users,  load average: 11.73, 5.20, 2.01
Tasks:   1 total,   0 running,   1 sleeping,   0 stopped,   0 zombie
%Cpu(s):  0.2 us,  0.1 sy,  0.1 ni, 99.2 id,  0.4 wa,  0.0 hi,  0.0 si,  0.0 st
KiB Mem:  13229052+total, 11500296+used, 17287576 free,  7359416 buffers
KiB Swap: 11869180 total,     4456 used, 11864724 free. 92468688 cached Mem

  PID USER      PR  NI    VIRT    RES    SHR S  %CPU %MEM     TIME+ COMMAND
12280 www-data  20   0  916276 505900  24148 S   0.0  0.4   0:01.70 apache2
top - 08:13:37 up 35 days, 13:52,  8 users,  load average: 11.67, 5.30, 2.06
Tasks:   1 total,   0 running,   1 sleeping,   0 stopped,   0 zombie
%Cpu(s):  0.2 us,  0.1 sy,  0.1 ni, 99.2 id,  0.4 wa,  0.0 hi,  0.0 si,  0.0 st
KiB Mem:  13229052+total, 11524249+used, 17048036 free,  7359416 buffers
KiB Swap: 11869180 total,     4456 used, 11864724 free. 92468800 cached Mem

  PID USER      PR  NI    VIRT    RES    SHR S  %CPU %MEM     TIME+ COMMAND
12280 www-data  20   0  916276 505900  24148 S   0.0  0.4   0:01.70 apache2
top - 08:13:42 up 35 days, 13:52,  8 users,  load average: 11.62, 5.39, 2.11
Tasks:   1 total,   0 running,   1 sleeping,   0 stopped,   0 zombie
%Cpu(s):  0.2 us,  0.1 sy,  0.1 ni, 99.2 id,  0.4 wa,  0.0 hi,  0.0 si,  0.0 st
KiB Mem:  13229052+total, 11546781+used, 16822716 free,  7359416 buffers
KiB Swap: 11869180 total,     4456 used, 11864724 free. 92468840 cached Mem

  PID USER      PR  NI    VIRT    RES    SHR S  %CPU %MEM     TIME+ COMMAND
12280 www-data  20   0  916276 505900  24148 S   0.0  0.4   0:01.70 apache2
top - 08:13:47 up 35 days, 13:52,  8 users,  load average: 11.41, 5.45, 2.15
Tasks:   1 total,   0 running,   1 sleeping,   0 stopped,   0 zombie
%Cpu(s):  0.2 us,  0.1 sy,  0.1 ni, 99.2 id,  0.4 wa,  0.0 hi,  0.0 si,  0.0 st
KiB Mem:  13229052+total, 11567524+used, 16615284 free,  7359416 buffers
KiB Swap: 11869180 total,     4456 used, 11864724 free. 92468840 cached Mem

  PID USER      PR  NI    VIRT    RES    SHR S  %CPU %MEM     TIME+ COMMAND
12280 www-data  20   0  916276 505900  24148 S   0.0  0.4   0:01.70 apache2
top - 08:13:53 up 35 days, 13:52,  8 users,  load average: 11.21, 5.51, 2.18
Tasks:   1 total,   0 running,   1 sleeping,   0 stopped,   0 zombie
%Cpu(s):  0.2 us,  0.1 sy,  0.1 ni, 99.2 id,  0.4 wa,  0.0 hi,  0.0 si,  0.0 st
KiB Mem:  13229052+total, 11564265+used, 16647872 free,  7359416 buffers
KiB Swap: 11869180 total,     4456 used, 11864724 free. 92468848 cached Mem

  PID USER      PR  NI    VIRT    RES    SHR S  %CPU %MEM     TIME+ COMMAND
12280 www-data  20   0  916276 505900  24148 S   0.0  0.4   0:01.70 apache2
top - 08:13:58 up 35 days, 13:52,  8 users,  load average: 11.12, 5.59, 2.23
Tasks:   1 total,   0 running,   1 sleeping,   0 stopped,   0 zombie
%Cpu(s):  0.2 us,  0.1 sy,  0.1 ni, 99.2 id,  0.4 wa,  0.0 hi,  0.0 si,  0.0 st
KiB Mem:  13229052+total, 11582268+used, 16467852 free,  7359416 buffers
KiB Swap: 11869180 total,     4456 used, 11864724 free. 92468848 cached Mem

  PID USER      PR  NI    VIRT    RES    SHR S  %CPU %MEM     TIME+ COMMAND
12280 www-data  20   0  916276 505900  24148 S   0.0  0.4   0:01.70 apache2
top - 08:14:03 up 35 days, 13:52,  8 users,  load average: 11.11, 5.68, 2.27
Tasks:   1 total,   0 running,   1 sleeping,   0 stopped,   0 zombie
%Cpu(s):  0.2 us,  0.1 sy,  0.1 ni, 99.2 id,  0.4 wa,  0.0 hi,  0.0 si,  0.0 st
KiB Mem:  13229052+total, 11607188+used, 16218652 free,  7359420 buffers
KiB Swap: 11869180 total,     4456 used, 11864724 free. 92468848 cached Mem

  PID USER      PR  NI    VIRT    RES    SHR S  %CPU %MEM     TIME+ COMMAND
12280 www-data  20   0  916276 505900  24148 S   0.0  0.4   0:01.70 apache2
top - 08:14:08 up 35 days, 13:52,  8 users,  load average: 10.94, 5.73, 2.31
Tasks:   1 total,   0 running,   1 sleeping,   0 stopped,   0 zombie
%Cpu(s):  0.2 us,  0.1 sy,  0.1 ni, 99.2 id,  0.4 wa,  0.0 hi,  0.0 si,  0.0 st
KiB Mem:  13229052+total, 11550606+used, 16784464 free,  7359420 buffers
KiB Swap: 11869180 total,     4456 used, 11864724 free. 92468904 cached Mem

  PID USER      PR  NI    VIRT    RES    SHR S  %CPU %MEM     TIME+ COMMAND
12280 www-data  20   0  916276 505900  24148 S   0.0  0.4   0:01.70 apache2
top - 08:14:13 up 35 days, 13:52,  8 users,  load average: 10.86, 5.80, 2.35
Tasks:   1 total,   0 running,   1 sleeping,   0 stopped,   0 zombie
%Cpu(s):  0.2 us,  0.1 sy,  0.1 ni, 99.2 id,  0.4 wa,  0.0 hi,  0.0 si,  0.0 st
KiB Mem:  13229052+total, 11526443+used, 17026096 free,  7359420 buffers
KiB Swap: 11869180 total,     4456 used, 11864724 free. 92468984 cached Mem

  PID USER      PR  NI    VIRT    RES    SHR S  %CPU %MEM     TIME+ COMMAND
12280 www-data  20   0  916276 505900  24148 S   0.0  0.4   0:01.70 apache2
top - 08:14:18 up 35 days, 13:52,  8 users,  load average: 10.63, 5.84, 2.38
Tasks:   1 total,   0 running,   1 sleeping,   0 stopped,   0 zombie
%Cpu(s):  0.2 us,  0.1 sy,  0.1 ni, 99.2 id,  0.4 wa,  0.0 hi,  0.0 si,  0.0 st
KiB Mem:  13229052+total, 11472430+used, 17566224 free,  7359420 buffers
KiB Swap: 11869180 total,     4456 used, 11864724 free. 92485656 cached Mem

  PID USER      PR  NI    VIRT    RES    SHR S  %CPU %MEM     TIME+ COMMAND
12280 www-data  20   0  916276 505900  24148 S   0.0  0.4   0:01.70 apache2
top - 08:14:23 up 35 days, 13:52,  8 users,  load average: 10.50, 5.89, 2.42
Tasks:   1 total,   0 running,   1 sleeping,   0 stopped,   0 zombie
%Cpu(s):  0.2 us,  0.1 sy,  0.1 ni, 99.2 id,  0.4 wa,  0.0 hi,  0.0 si,  0.0 st
KiB Mem:  13229052+total, 11422497+used, 18065560 free,  7359424 buffers
KiB Swap: 11869180 total,     4456 used, 11864724 free. 92486992 cached Mem

  PID USER      PR  NI    VIRT    RES    SHR S  %CPU %MEM     TIME+ COMMAND
12280 www-data  20   0  916276 505900  24148 S   0.0  0.4   0:01.70 apache2
top - 08:14:29 up 35 days, 13:52,  8 users,  load average: 10.38, 5.94, 2.45
Tasks:   1 total,   0 running,   1 sleeping,   0 stopped,   0 zombie
%Cpu(s):  0.2 us,  0.1 sy,  0.1 ni, 99.2 id,  0.4 wa,  0.0 hi,  0.0 si,  0.0 st
KiB Mem:  13229052+total, 11362152+used, 18669016 free,  7359424 buffers
KiB Swap: 11869180 total,     4456 used, 11864724 free. 92489048 cached Mem

  PID USER      PR  NI    VIRT    RES    SHR S  %CPU %MEM     TIME+ COMMAND
12280 www-data  20   0  916276 505900  24148 S   0.0  0.4   0:01.70 apache2
top - 08:14:34 up 35 days, 13:53,  8 users,  load average: 10.19, 5.98, 2.48
Tasks:   1 total,   0 running,   1 sleeping,   0 stopped,   0 zombie
%Cpu(s):  0.2 us,  0.1 sy,  0.1 ni, 99.2 id,  0.4 wa,  0.0 hi,  0.0 si,  0.0 st
KiB Mem:  13229052+total, 11282345+used, 19467080 free,  7359424 buffers
KiB Swap: 11869180 total,     4456 used, 11864724 free. 92489088 cached Mem

  PID USER      PR  NI    VIRT    RES    SHR S  %CPU %MEM     TIME+ COMMAND
12280 www-data  20   0  916276 505900  24148 S   0.0  0.4   0:01.70 apache2
top - 08:14:39 up 35 days, 13:53,  8 users,  load average: 9.93, 6.00, 2.51
Tasks:   1 total,   0 running,   1 sleeping,   0 stopped,   0 zombie
%Cpu(s):  0.2 us,  0.1 sy,  0.1 ni, 99.2 id,  0.4 wa,  0.0 hi,  0.0 si,  0.0 st
KiB Mem:  13229052+total, 11250601+used, 19784512 free,  7359424 buffers
KiB Swap: 11869180 total,     4456 used, 11864724 free. 92489096 cached Mem

  PID USER      PR  NI    VIRT    RES    SHR S  %CPU %MEM     TIME+ COMMAND
12280 www-data  20   0  916276 505900  24148 S   0.0  0.4   0:01.70 apache2
top - 08:14:44 up 35 days, 13:53,  8 users,  load average: 9.70, 6.01, 2.53
Tasks:   1 total,   0 running,   1 sleeping,   0 stopped,   0 zombie
%Cpu(s):  0.2 us,  0.1 sy,  0.1 ni, 99.2 id,  0.4 wa,  0.0 hi,  0.0 si,  0.0 st
KiB Mem:  13229052+total, 11256550+used, 19725032 free,  7359424 buffers
KiB Swap: 11869180 total,     4456 used, 11864724 free. 92489104 cached Mem

  PID USER      PR  NI    VIRT    RES    SHR S  %CPU %MEM     TIME+ COMMAND
12280 www-data  20   0  916276 505900  24148 S   0.0  0.4   0:01.70 apache2
top - 08:14:49 up 35 days, 13:53,  8 users,  load average: 9.56, 6.05, 2.56
Tasks:   1 total,   0 running,   1 sleeping,   0 stopped,   0 zombie
%Cpu(s):  0.2 us,  0.1 sy,  0.1 ni, 99.2 id,  0.4 wa,  0.0 hi,  0.0 si,  0.0 st
KiB Mem:  13229052+total, 11214220+used, 20148328 free,  7359424 buffers
KiB Swap: 11869180 total,     4456 used, 11864724 free. 92489232 cached Mem

  PID USER      PR  NI    VIRT    RES    SHR S  %CPU %MEM     TIME+ COMMAND
12280 www-data  20   0  916276 505900  24148 S   0.0  0.4   0:01.70 apache2
top - 08:14:54 up 35 days, 13:53,  8 users,  load average: 9.28, 6.04, 2.58
Tasks:   1 total,   0 running,   1 sleeping,   0 stopped,   0 zombie
%Cpu(s):  0.2 us,  0.1 sy,  0.1 ni, 99.2 id,  0.4 wa,  0.0 hi,  0.0 si,  0.0 st
KiB Mem:  13229052+total, 11229254+used, 19997984 free,  7359428 buffers
KiB Swap: 11869180 total,     4456 used, 11864724 free. 92489224 cached Mem

  PID USER      PR  NI    VIRT    RES    SHR S  %CPU %MEM     TIME+ COMMAND
12280 www-data  20   0  916276 505900  24148 S   0.0  0.4   0:01.70 apache2
top - 08:15:00 up 35 days, 13:53,  8 users,  load average: 9.09, 6.06, 2.60
Tasks:   1 total,   0 running,   1 sleeping,   0 stopped,   0 zombie
%Cpu(s):  0.2 us,  0.1 sy,  0.1 ni, 99.2 id,  0.4 wa,  0.0 hi,  0.0 si,  0.0 st
KiB Mem:  13229052+total, 11235348+used, 19937044 free,  7359436 buffers
KiB Swap: 11869180 total,     4456 used, 11864724 free. 92489488 cached Mem

  PID USER      PR  NI    VIRT    RES    SHR S  %CPU %MEM     TIME+ COMMAND
12280 www-data  20   0  916276 505900  24148 S   0.0  0.4   0:01.70 apache2
top - 08:15:05 up 35 days, 13:53,  8 users,  load average: 8.85, 6.06, 2.62
Tasks:   1 total,   0 running,   1 sleeping,   0 stopped,   0 zombie
%Cpu(s):  0.2 us,  0.1 sy,  0.1 ni, 99.2 id,  0.4 wa,  0.0 hi,  0.0 si,  0.0 st
KiB Mem:  13229052+total, 11246410+used, 19826428 free,  7359444 buffers
KiB Swap: 11869180 total,     4456 used, 11864724 free. 92489504 cached Mem

  PID USER      PR  NI    VIRT    RES    SHR S  %CPU %MEM     TIME+ COMMAND
12280 www-data  20   0  916276 505900  24148 S   0.0  0.4   0:01.70 apache2
top - 08:15:10 up 35 days, 13:53,  8 users,  load average: 8.86, 6.11, 2.66
Tasks:   1 total,   0 running,   1 sleeping,   0 stopped,   0 zombie
%Cpu(s):  0.2 us,  0.1 sy,  0.1 ni, 99.2 id,  0.4 wa,  0.0 hi,  0.0 si,  0.0 st
KiB Mem:  13229052+total, 11175264+used, 20537892 free,  7359448 buffers
KiB Swap: 11869180 total,     4456 used, 11864724 free. 92489584 cached Mem

  PID USER      PR  NI    VIRT    RES    SHR S  %CPU %MEM     TIME+ COMMAND
12280 www-data  20   0  916276 505900  24148 S   0.0  0.4   0:01.70 apache2
top - 08:15:15 up 35 days, 13:53,  8 users,  load average: 8.63, 6.11, 2.68
Tasks:   1 total,   0 running,   1 sleeping,   0 stopped,   0 zombie
%Cpu(s):  0.2 us,  0.1 sy,  0.1 ni, 99.2 id,  0.4 wa,  0.0 hi,  0.0 si,  0.0 st
KiB Mem:  13229052+total, 11177054+used, 20519988 free,  7359448 buffers
KiB Swap: 11869180 total,     4456 used, 11864724 free. 92489904 cached Mem

  PID USER      PR  NI    VIRT    RES    SHR S  %CPU %MEM     TIME+ COMMAND
12280 www-data  20   0  916276 505900  24148 S   0.0  0.4   0:01.70 apache2
top - 08:15:20 up 35 days, 13:53,  8 users,  load average: 8.50, 6.12, 2.70
Tasks:   1 total,   0 running,   1 sleeping,   0 stopped,   0 zombie
%Cpu(s):  0.2 us,  0.1 sy,  0.1 ni, 99.2 id,  0.4 wa,  0.0 hi,  0.0 si,  0.0 st
KiB Mem:  13229052+total, 11182086+used, 20469664 free,  7359448 buffers
KiB Swap: 11869180 total,     4456 used, 11864724 free. 92489904 cached Mem

  PID USER      PR  NI    VIRT    RES    SHR S  %CPU %MEM     TIME+ COMMAND
12280 www-data  20   0  916276 505900  24148 S   0.0  0.4   0:01.70 apache2
top - 08:15:25 up 35 days, 13:53,  8 users,  load average: 8.22, 6.10, 2.71
Tasks:   1 total,   0 running,   1 sleeping,   0 stopped,   0 zombie
%Cpu(s):  0.2 us,  0.1 sy,  0.1 ni, 99.2 id,  0.4 wa,  0.0 hi,  0.0 si,  0.0 st
KiB Mem:  13229052+total, 11187145+used, 20419076 free,  7359452 buffers
KiB Swap: 11869180 total,     4456 used, 11864724 free. 92489904 cached Mem

  PID USER      PR  NI    VIRT    RES    SHR S  %CPU %MEM     TIME+ COMMAND
12280 www-data  20   0  916276 505900  24148 S   0.0  0.4   0:01.70 apache2
top - 08:15:31 up 35 days, 13:53,  8 users,  load average: 7.88, 6.07, 2.72
Tasks:   1 total,   0 running,   1 sleeping,   0 stopped,   0 zombie
%Cpu(s):  0.2 us,  0.1 sy,  0.1 ni, 99.2 id,  0.4 wa,  0.0 hi,  0.0 si,  0.0 st
KiB Mem:  13229052+total, 11191644+used, 20374088 free,  7359452 buffers
KiB Swap: 11869180 total,     4456 used, 11864724 free. 92490160 cached Mem

  PID USER      PR  NI    VIRT    RES    SHR S  %CPU %MEM     TIME+ COMMAND
12280 www-data  20   0  916276 505900  24148 S   0.0  0.4   0:01.70 apache2
top - 08:15:36 up 35 days, 13:54,  8 users,  load average: 7.67, 6.08, 2.76
Tasks:   1 total,   0 running,   1 sleeping,   0 stopped,   0 zombie
%Cpu(s):  0.2 us,  0.1 sy,  0.1 ni, 99.2 id,  0.4 wa,  0.0 hi,  0.0 si,  0.0 st
KiB Mem:  13229052+total, 11195251+used, 20338024 free,  7359456 buffers
KiB Swap: 11869180 total,     4456 used, 11864724 free. 92490160 cached Mem

  PID USER      PR  NI    VIRT    RES    SHR S  %CPU %MEM     TIME+ COMMAND
12280 www-data  20   0  916276 505900  24148 S   0.0  0.4   0:01.70 apache2
top - 08:15:41 up 35 days, 13:54,  8 users,  load average: 7.53, 6.08, 2.78
Tasks:   1 total,   0 running,   1 sleeping,   0 stopped,   0 zombie
%Cpu(s):  0.2 us,  0.1 sy,  0.1 ni, 99.2 id,  0.4 wa,  0.0 hi,  0.0 si,  0.0 st
KiB Mem:  13229052+total, 11199873+used, 20291800 free,  7359456 buffers
KiB Swap: 11869180 total,     4456 used, 11864724 free. 92490416 cached Mem

  PID USER      PR  NI    VIRT    RES    SHR S  %CPU %MEM     TIME+ COMMAND
12280 www-data  20   0  916276 505900  24148 S   0.0  0.4   0:01.70 apache2
top - 08:15:46 up 35 days, 13:54,  8 users,  load average: 7.41, 6.08, 2.79
Tasks:   1 total,   0 running,   1 sleeping,   0 stopped,   0 zombie
%Cpu(s):  0.2 us,  0.1 sy,  0.1 ni, 99.2 id,  0.4 wa,  0.0 hi,  0.0 si,  0.0 st
KiB Mem:  13229052+total, 11202723+used, 20263304 free,  7359456 buffers
KiB Swap: 11869180 total,     4456 used, 11864724 free. 92490672 cached Mem

  PID USER      PR  NI    VIRT    RES    SHR S  %CPU %MEM     TIME+ COMMAND
12280 www-data  20   0  916276 505900  24148 S   0.0  0.4   0:01.70 apache2
top - 08:15:51 up 35 days, 13:54,  8 users,  load average: 7.30, 6.08, 2.81
Tasks:   1 total,   0 running,   1 sleeping,   0 stopped,   0 zombie
%Cpu(s):  0.2 us,  0.1 sy,  0.1 ni, 99.2 id,  0.4 wa,  0.0 hi,  0.0 si,  0.0 st
KiB Mem:  13229052+total, 11206873+used, 20221796 free,  7359464 buffers
KiB Swap: 11869180 total,     4456 used, 11864724 free. 92490744 cached Mem

  PID USER      PR  NI    VIRT    RES    SHR S  %CPU %MEM     TIME+ COMMAND
12280 www-data  20   0  916276 505900  24148 S   0.0  0.4   0:01.70 apache2
top - 08:15:56 up 35 days, 13:54,  8 users,  load average: 7.19, 6.08, 2.83
Tasks:   1 total,   0 running,   1 sleeping,   0 stopped,   0 zombie
%Cpu(s):  0.2 us,  0.1 sy,  0.1 ni, 99.2 id,  0.4 wa,  0.0 hi,  0.0 si,  0.0 st
KiB Mem:  13229052+total, 11210880+used, 20181732 free,  7359464 buffers
KiB Swap: 11869180 total,     4456 used, 11864724 free. 92491008 cached Mem

  PID USER      PR  NI    VIRT    RES    SHR S  %CPU %MEM     TIME+ COMMAND
12280 www-data  20   0  916276 505900  24148 S   0.0  0.4   0:01.70 apache2
top - 08:16:02 up 35 days, 13:54,  8 users,  load average: 7.02, 6.06, 2.84
Tasks:   1 total,   0 running,   1 sleeping,   0 stopped,   0 zombie
%Cpu(s):  0.2 us,  0.1 sy,  0.1 ni, 99.2 id,  0.4 wa,  0.0 hi,  0.0 si,  0.0 st
KiB Mem:  13229052+total, 11228291+used, 20007624 free,  7359468 buffers
KiB Swap: 11869180 total,     4456 used, 11864724 free. 92491000 cached Mem

  PID USER      PR  NI    VIRT    RES    SHR S  %CPU %MEM     TIME+ COMMAND
12280 www-data  20   0  916276 505900  24148 S   0.0  0.4   0:01.70 apache2
top - 08:16:07 up 35 days, 13:54,  8 users,  load average: 6.93, 6.06, 2.86
Tasks:   1 total,   0 running,   1 sleeping,   0 stopped,   0 zombie
%Cpu(s):  0.2 us,  0.1 sy,  0.1 ni, 99.2 id,  0.4 wa,  0.0 hi,  0.0 si,  0.0 st
KiB Mem:  13229052+total, 11231998+used, 19970548 free,  7359472 buffers
KiB Swap: 11869180 total,     4456 used, 11864724 free. 92491000 cached Mem

  PID USER      PR  NI    VIRT    RES    SHR S  %CPU %MEM     TIME+ COMMAND
12280 www-data  20   0  916276 505900  24148 S   0.0  0.4   0:01.70 apache2
top - 08:16:12 up 35 days, 13:54,  8 users,  load average: 6.86, 6.06, 2.88
Tasks:   1 total,   0 running,   1 sleeping,   0 stopped,   0 zombie
%Cpu(s):  0.2 us,  0.1 sy,  0.1 ni, 99.2 id,  0.4 wa,  0.0 hi,  0.0 si,  0.0 st
KiB Mem:  13229052+total, 11236713+used, 19923400 free,  7359472 buffers
KiB Swap: 11869180 total,     4456 used, 11864724 free. 92491264 cached Mem

  PID USER      PR  NI    VIRT    RES    SHR S  %CPU %MEM     TIME+ COMMAND
12280 www-data  20   0  916276 505900  24148 S   0.0  0.4   0:01.70 apache2
top - 08:16:17 up 35 days, 13:54,  8 users,  load average: 6.71, 6.04, 2.89
Tasks:   1 total,   0 running,   1 sleeping,   0 stopped,   0 zombie
%Cpu(s):  0.2 us,  0.1 sy,  0.1 ni, 99.2 id,  0.4 wa,  0.0 hi,  0.0 si,  0.0 st
KiB Mem:  13229052+total, 11173689+used, 20553636 free,  7359472 buffers
KiB Swap: 11869180 total,     4456 used, 11864724 free. 92491336 cached Mem

  PID USER      PR  NI    VIRT    RES    SHR S  %CPU %MEM     TIME+ COMMAND
12280 www-data  20   0  916276 505900  24148 S   0.0  0.4   0:01.70 apache2
top - 08:16:22 up 35 days, 13:54,  8 users,  load average: 6.49, 6.00, 2.89
Tasks:   1 total,   0 running,   1 sleeping,   0 stopped,   0 zombie
%Cpu(s):  0.2 us,  0.1 sy,  0.1 ni, 99.2 id,  0.4 wa,  0.0 hi,  0.0 si,  0.0 st
KiB Mem:  13229052+total, 11144403+used, 20846504 free,  7359476 buffers
KiB Swap: 11869180 total,     4456 used, 11864724 free. 92491592 cached Mem

  PID USER      PR  NI    VIRT    RES    SHR S  %CPU %MEM     TIME+ COMMAND
12280 www-data  20   0  916276 505900  24148 S   0.0  0.4   0:01.70 apache2
top - 08:16:27 up 35 days, 13:54,  8 users,  load average: 6.37, 5.99, 2.91
Tasks:   1 total,   0 running,   1 sleeping,   0 stopped,   0 zombie
%Cpu(s):  0.2 us,  0.1 sy,  0.1 ni, 99.2 id,  0.4 wa,  0.0 hi,  0.0 si,  0.0 st
KiB Mem:  13229052+total, 11149036+used, 20800172 free,  7359476 buffers
KiB Swap: 11869180 total,     4456 used, 11864724 free. 92491600 cached Mem

  PID USER      PR  NI    VIRT    RES    SHR S  %CPU %MEM     TIME+ COMMAND
12280 www-data  20   0  916276 505900  24148 S   0.0  0.4   0:01.70 apache2
top - 08:16:32 up 35 days, 13:54,  8 users,  load average: 6.26, 5.97, 2.92
Tasks:   1 total,   0 running,   1 sleeping,   0 stopped,   0 zombie
%Cpu(s):  0.2 us,  0.1 sy,  0.1 ni, 99.2 id,  0.4 wa,  0.0 hi,  0.0 si,  0.0 st
KiB Mem:  13229052+total, 11155592+used, 20734616 free,  7359480 buffers
KiB Swap: 11869180 total,     4456 used, 11864724 free. 92491856 cached Mem

  PID USER      PR  NI    VIRT    RES    SHR S  %CPU %MEM     TIME+ COMMAND
12280 www-data  20   0  916276 505900  24148 S   0.0  0.4   0:01.70 apache2
top - 08:16:38 up 35 days, 13:55,  8 users,  load average: 6.16, 5.95, 2.93
Tasks:   1 total,   0 running,   1 sleeping,   0 stopped,   0 zombie
%Cpu(s):  0.2 us,  0.1 sy,  0.1 ni, 99.2 id,  0.4 wa,  0.0 hi,  0.0 si,  0.0 st
KiB Mem:  13229052+total, 11158882+used, 20701708 free,  7359484 buffers
KiB Swap: 11869180 total,     4456 used, 11864724 free. 92491856 cached Mem

  PID USER      PR  NI    VIRT    RES    SHR S  %CPU %MEM     TIME+ COMMAND
12280 www-data  20   0  916276 505900  24148 S   0.0  0.4   0:01.70 apache2
top - 08:16:43 up 35 days, 13:55,  8 users,  load average: 6.07, 5.94, 2.94
Tasks:   1 total,   0 running,   1 sleeping,   0 stopped,   0 zombie
%Cpu(s):  0.2 us,  0.1 sy,  0.1 ni, 99.2 id,  0.4 wa,  0.0 hi,  0.0 si,  0.0 st
KiB Mem:  13229052+total, 11162878+used, 20661752 free,  7359488 buffers
KiB Swap: 11869180 total,     4456 used, 11864724 free. 92492112 cached Mem

  PID USER      PR  NI    VIRT    RES    SHR S  %CPU %MEM     TIME+ COMMAND
12280 www-data  20   0  916276 505900  24148 S   0.0  0.4   0:01.70 apache2
top - 08:16:48 up 35 days, 13:55,  8 users,  load average: 5.98, 5.92, 2.95
Tasks:   1 total,   0 running,   1 sleeping,   0 stopped,   0 zombie
%Cpu(s):  0.2 us,  0.1 sy,  0.1 ni, 99.2 id,  0.4 wa,  0.0 hi,  0.0 si,  0.0 st
KiB Mem:  13229052+total, 11167465+used, 20615880 free,  7359496 buffers
KiB Swap: 11869180 total,     4456 used, 11864724 free. 92492368 cached Mem

  PID USER      PR  NI    VIRT    RES    SHR S  %CPU %MEM     TIME+ COMMAND
12280 www-data  20   0  916276 505900  24148 S   0.0  0.4   0:01.70 apache2
top - 08:16:53 up 35 days, 13:55,  8 users,  load average: 5.90, 5.91, 2.96
Tasks:   1 total,   0 running,   1 sleeping,   0 stopped,   0 zombie
%Cpu(s):  0.2 us,  0.1 sy,  0.1 ni, 99.2 id,  0.4 wa,  0.0 hi,  0.0 si,  0.0 st
KiB Mem:  13229052+total, 11171196+used, 20578568 free,  7359500 buffers
KiB Swap: 11869180 total,     4456 used, 11864724 free. 92492368 cached Mem

  PID USER      PR  NI    VIRT    RES    SHR S  %CPU %MEM     TIME+ COMMAND
12280 www-data  20   0  916276 505900  24148 S   0.0  0.4   0:01.70 apache2
top - 08:16:58 up 35 days, 13:55,  8 users,  load average: 5.83, 5.89, 2.97
Tasks:   1 total,   0 running,   1 sleeping,   0 stopped,   0 zombie
%Cpu(s):  0.2 us,  0.1 sy,  0.1 ni, 99.2 id,  0.4 wa,  0.0 hi,  0.0 si,  0.0 st
KiB Mem:  13229052+total, 11175598+used, 20534548 free,  7359504 buffers
KiB Swap: 11869180 total,     4456 used, 11864724 free. 92492368 cached Mem

  PID USER      PR  NI    VIRT    RES    SHR S  %CPU %MEM     TIME+ COMMAND
12280 www-data  20   0  916276 505900  24148 S   0.0  0.4   0:01.70 apache2
top - 08:17:03 up 35 days, 13:55,  8 users,  load average: 5.76, 5.88, 2.98
Tasks:   1 total,   0 running,   1 sleeping,   0 stopped,   0 zombie
%Cpu(s):  0.2 us,  0.1 sy,  0.1 ni, 99.2 id,  0.4 wa,  0.0 hi,  0.0 si,  0.0 st
KiB Mem:  13229052+total, 11179953+used, 20491000 free,  7359508 buffers
KiB Swap: 11869180 total,     4456 used, 11864724 free. 92492624 cached Mem

  PID USER      PR  NI    VIRT    RES    SHR S  %CPU %MEM     TIME+ COMMAND
12280 www-data  20   0  916276 505900  24148 S   0.0  0.4   0:01.70 apache2
top - 08:17:09 up 35 days, 13:55,  8 users,  load average: 5.70, 5.86, 3.00
Tasks:   1 total,   0 running,   1 sleeping,   0 stopped,   0 zombie
%Cpu(s):  0.2 us,  0.1 sy,  0.1 ni, 99.2 id,  0.4 wa,  0.0 hi,  0.0 si,  0.0 st
KiB Mem:  13229052+total, 11183449+used, 20456032 free,  7359512 buffers
KiB Swap: 11869180 total,     4456 used, 11864724 free. 92492632 cached Mem

  PID USER      PR  NI    VIRT    RES    SHR S  %CPU %MEM     TIME+ COMMAND
12280 www-data  20   0  916276 505900  24148 S   0.0  0.4   0:01.70 apache2
top - 08:17:14 up 35 days, 13:55,  8 users,  load average: 5.64, 5.85, 3.01
Tasks:   1 total,   0 running,   1 sleeping,   0 stopped,   0 zombie
%Cpu(s):  0.2 us,  0.1 sy,  0.1 ni, 99.2 id,  0.4 wa,  0.0 hi,  0.0 si,  0.0 st
KiB Mem:  13229052+total, 11109868+used, 21191840 free,  7359524 buffers
KiB Swap: 11869180 total,     4456 used, 11864724 free. 92494032 cached Mem

  PID USER      PR  NI    VIRT    RES    SHR S  %CPU %MEM     TIME+ COMMAND
12280 www-data  20   0  916276 505900  24148 S   0.0  0.4   0:01.70 apache2
top - 08:17:19 up 35 days, 13:55,  8 users,  load average: 5.51, 5.82, 3.01
Tasks:   1 total,   0 running,   1 sleeping,   0 stopped,   0 zombie
%Cpu(s):  0.2 us,  0.1 sy,  0.1 ni, 99.2 id,  0.4 wa,  0.0 hi,  0.0 si,  0.0 st
KiB Mem:  13229052+total, 11067351+used, 21617020 free,  7359524 buffers
KiB Swap: 11869180 total,     4456 used, 11864724 free. 92494048 cached Mem

  PID USER      PR  NI    VIRT    RES    SHR S  %CPU %MEM     TIME+ COMMAND
12280 www-data  20   0  916276 505900  24148 S   0.0  0.4   0:01.70 apache2
top - 08:17:24 up 35 days, 13:55,  8 users,  load average: 5.39, 5.79, 3.02
Tasks:   1 total,   0 running,   1 sleeping,   0 stopped,   0 zombie
%Cpu(s):  0.2 us,  0.1 sy,  0.1 ni, 99.2 id,  0.4 wa,  0.0 hi,  0.0 si,  0.0 st
KiB Mem:  13229052+total, 11070348+used, 21587040 free,  7359528 buffers
KiB Swap: 11869180 total,     4456 used, 11864724 free. 92494304 cached Mem

  PID USER      PR  NI    VIRT    RES    SHR S  %CPU %MEM     TIME+ COMMAND
12280 www-data  20   0  916276 505900  24148 S   0.0  0.4   0:01.70 apache2
top - 08:17:29 up 35 days, 13:55,  8 users,  load average: 5.28, 5.76, 3.02
Tasks:   1 total,   0 running,   1 sleeping,   0 stopped,   0 zombie
%Cpu(s):  0.2 us,  0.1 sy,  0.1 ni, 99.2 id,  0.4 wa,  0.0 hi,  0.0 si,  0.0 st
KiB Mem:  13229052+total, 11073096+used, 21559568 free,  7359532 buffers
KiB Swap: 11869180 total,     4456 used, 11864724 free. 92494296 cached Mem

  PID USER      PR  NI    VIRT    RES    SHR S  %CPU %MEM     TIME+ COMMAND
12280 www-data  20   0  916276 505900  24148 S   0.0  0.4   0:01.70 apache2
top - 08:17:34 up 35 days, 13:56,  8 users,  load average: 5.18, 5.73, 3.03
Tasks:   1 total,   0 running,   1 sleeping,   0 stopped,   0 zombie
%Cpu(s):  0.2 us,  0.1 sy,  0.1 ni, 99.2 id,  0.4 wa,  0.0 hi,  0.0 si,  0.0 st
KiB Mem:  13229052+total, 11076924+used, 21521292 free,  7359536 buffers
KiB Swap: 11869180 total,     4456 used, 11864724 free. 92494296 cached Mem

  PID USER      PR  NI    VIRT    RES    SHR S  %CPU %MEM     TIME+ COMMAND
12280 www-data  20   0  916276 505900  24148 S   0.0  0.4   0:01.70 apache2
top - 08:17:40 up 35 days, 13:56,  8 users,  load average: 5.08, 5.70, 3.03
Tasks:   1 total,   0 running,   1 sleeping,   0 stopped,   0 zombie
%Cpu(s):  0.2 us,  0.1 sy,  0.1 ni, 99.2 id,  0.4 wa,  0.0 hi,  0.0 si,  0.0 st
KiB Mem:  13229052+total, 11080371+used, 21486820 free,  7359540 buffers
KiB Swap: 11869180 total,     4456 used, 11864724 free. 92494560 cached Mem

  PID USER      PR  NI    VIRT    RES    SHR S  %CPU %MEM     TIME+ COMMAND
12280 www-data  20   0  916276 505900  24148 S   0.0  0.4   0:01.70 apache2
top - 08:17:45 up 35 days, 13:56,  8 users,  load average: 5.00, 5.67, 3.04
Tasks:   1 total,   0 running,   1 sleeping,   0 stopped,   0 zombie
%Cpu(s):  0.2 us,  0.1 sy,  0.1 ni, 99.2 id,  0.4 wa,  0.0 hi,  0.0 si,  0.0 st
KiB Mem:  13229052+total, 11084215+used, 21448380 free,  7359540 buffers
KiB Swap: 11869180 total,     4456 used, 11864724 free. 92494560 cached Mem

  PID USER      PR  NI    VIRT    RES    SHR S  %CPU %MEM     TIME+ COMMAND
12280 www-data  20   0  916276 505900  24148 S   0.0  0.4   0:01.70 apache2
top - 08:17:50 up 35 days, 13:56,  8 users,  load average: 4.92, 5.64, 3.04
Tasks:   1 total,   0 running,   1 sleeping,   0 stopped,   0 zombie
%Cpu(s):  0.2 us,  0.1 sy,  0.1 ni, 99.2 id,  0.4 wa,  0.0 hi,  0.0 si,  0.0 st
KiB Mem:  13229052+total, 11086646+used, 21424068 free,  7359544 buffers
KiB Swap: 11869180 total,     4456 used, 11864724 free. 92494816 cached Mem

  PID USER      PR  NI    VIRT    RES    SHR S  %CPU %MEM     TIME+ COMMAND
12280 www-data  20   0  916276 505900  24148 S   0.0  0.4   0:01.70 apache2
top - 08:17:55 up 35 days, 13:56,  8 users,  load average: 4.84, 5.61, 3.05
Tasks:   1 total,   0 running,   1 sleeping,   0 stopped,   0 zombie
%Cpu(s):  0.2 us,  0.1 sy,  0.1 ni, 99.2 id,  0.4 wa,  0.0 hi,  0.0 si,  0.0 st
KiB Mem:  13229052+total, 11089249+used, 21398032 free,  7359552 buffers
KiB Swap: 11869180 total,     4456 used, 11864724 free. 92494816 cached Mem

  PID USER      PR  NI    VIRT    RES    SHR S  %CPU %MEM     TIME+ COMMAND
12280 www-data  20   0  916276 505900  24148 S   0.0  0.4   0:01.70 apache2
top - 08:18:00 up 35 days, 13:56,  8 users,  load average: 4.77, 5.59, 3.06
Tasks:   1 total,   0 running,   1 sleeping,   0 stopped,   0 zombie
%Cpu(s):  0.2 us,  0.1 sy,  0.1 ni, 99.2 id,  0.4 wa,  0.0 hi,  0.0 si,  0.0 st
KiB Mem:  13229052+total, 10970388+used, 22586640 free,  7359556 buffers
KiB Swap: 11869180 total,     4456 used, 11864724 free. 92494832 cached Mem

  PID USER      PR  NI    VIRT    RES    SHR S  %CPU %MEM     TIME+ COMMAND
12280 www-data  20   0  916276 505900  24148 S   0.0  0.4   0:01.70 apache2
top - 08:18:05 up 35 days, 13:56,  8 users,  load average: 4.63, 5.54, 3.06
Tasks:   1 total,   0 running,   1 sleeping,   0 stopped,   0 zombie
%Cpu(s):  0.2 us,  0.1 sy,  0.1 ni, 99.2 id,  0.4 wa,  0.0 hi,  0.0 si,  0.0 st
KiB Mem:  13229052+total, 10972347+used, 22567060 free,  7359564 buffers
KiB Swap: 11869180 total,     4456 used, 11864724 free. 92495136 cached Mem

  PID USER      PR  NI    VIRT    RES    SHR S  %CPU %MEM     TIME+ COMMAND
12280 www-data  20   0  916276 505900  24148 S   0.0  0.4   0:01.70 apache2
top - 08:18:11 up 35 days, 13:56,  8 users,  load average: 4.58, 5.52, 3.06
Tasks:   1 total,   0 running,   1 sleeping,   0 stopped,   0 zombie
%Cpu(s):  0.2 us,  0.1 sy,  0.1 ni, 99.2 id,  0.4 wa,  0.0 hi,  0.0 si,  0.0 st
KiB Mem:  13229052+total, 10975227+used, 22538260 free,  7359568 buffers
KiB Swap: 11869180 total,     4456 used, 11864724 free. 92495136 cached Mem

  PID USER      PR  NI    VIRT    RES    SHR S  %CPU %MEM     TIME+ COMMAND
12280 www-data  20   0  916276 505900  24148 S   0.0  0.4   0:01.70 apache2
top - 08:18:16 up 35 days, 13:56,  8 users,  load average: 4.45, 5.48, 3.06
Tasks:   1 total,   0 running,   1 sleeping,   0 stopped,   0 zombie
%Cpu(s):  0.2 us,  0.1 sy,  0.1 ni, 99.2 id,  0.4 wa,  0.0 hi,  0.0 si,  0.0 st
KiB Mem:  13229052+total, 10900536+used, 23285172 free,  7359572 buffers
KiB Swap: 11869180 total,     4456 used, 11864724 free. 92495392 cached Mem

  PID USER      PR  NI    VIRT    RES    SHR S  %CPU %MEM     TIME+ COMMAND
12280 www-data  20   0  916276 505900  24148 S   0.0  0.4   0:01.70 apache2
top - 08:18:21 up 35 days, 13:56,  8 users,  load average: 4.08, 5.36, 3.05
Tasks:   1 total,   0 running,   1 sleeping,   0 stopped,   0 zombie
%Cpu(s):  0.2 us,  0.1 sy,  0.1 ni, 99.2 id,  0.4 wa,  0.0 hi,  0.0 si,  0.0 st
KiB Mem:  13229052+total, 10855445+used, 23736076 free,  7359576 buffers
KiB Swap: 11869180 total,     4456 used, 11864724 free. 92495456 cached Mem

  PID USER      PR  NI    VIRT    RES    SHR S  %CPU %MEM     TIME+ COMMAND
12280 www-data  20   0  916276 505900  24148 S   0.0  0.4   0:01.70 apache2
top - 08:18:26 up 35 days, 13:56,  8 users,  load average: 3.91, 5.31, 3.04
Tasks:   1 total,   0 running,   1 sleeping,   0 stopped,   0 zombie
%Cpu(s):  0.2 us,  0.1 sy,  0.1 ni, 99.2 id,  0.4 wa,  0.0 hi,  0.0 si,  0.0 st
KiB Mem:  13229052+total, 10855592+used, 23734612 free,  7359584 buffers
KiB Swap: 11869180 total,     4456 used, 11864724 free. 92495448 cached Mem

  PID USER      PR  NI    VIRT    RES    SHR S  %CPU %MEM     TIME+ COMMAND
12280 www-data  20   0  916276 505900  24148 S   0.0  0.4   0:01.70 apache2
top - 08:18:31 up 35 days, 13:56,  8 users,  load average: 3.76, 5.25, 3.04
Tasks:   1 total,   0 running,   1 sleeping,   0 stopped,   0 zombie
%Cpu(s):  0.2 us,  0.1 sy,  0.1 ni, 99.2 id,  0.4 wa,  0.0 hi,  0.0 si,  0.0 st
KiB Mem:  13229052+total, 10855768+used, 23732856 free,  7359588 buffers
KiB Swap: 11869180 total,     4456 used, 11864724 free. 92495456 cached Mem

  PID USER      PR  NI    VIRT    RES    SHR S  %CPU %MEM     TIME+ COMMAND
12280 www-data  20   0  916276 505900  24148 S   0.0  0.4   0:01.70 apache2
top - 08:18:36 up 35 days, 13:57,  8 users,  load average: 3.62, 5.20, 3.03
Tasks:   1 total,   0 running,   1 sleeping,   0 stopped,   0 zombie
%Cpu(s):  0.2 us,  0.1 sy,  0.1 ni, 99.2 id,  0.4 wa,  0.0 hi,  0.0 si,  0.0 st
KiB Mem:  13229052+total, 10855778+used, 23732748 free,  7359588 buffers
KiB Swap: 11869180 total,     4456 used, 11864724 free. 92495456 cached Mem

  PID USER      PR  NI    VIRT    RES    SHR S  %CPU %MEM     TIME+ COMMAND
12280 www-data  20   0  916276 505900  24148 S   0.0  0.4   0:01.70 apache2
top - 08:18:41 up 35 days, 13:57,  8 users,  load average: 3.49, 5.14, 3.02
Tasks:   1 total,   0 running,   1 sleeping,   0 stopped,   0 zombie
%Cpu(s):  0.2 us,  0.1 sy,  0.1 ni, 99.2 id,  0.4 wa,  0.0 hi,  0.0 si,  0.0 st
KiB Mem:  13229052+total, 10855862+used, 23731904 free,  7359592 buffers
KiB Swap: 11869180 total,     4456 used, 11864724 free. 92495456 cached Mem

  PID USER      PR  NI    VIRT    RES    SHR S  %CPU %MEM     TIME+ COMMAND
12280 www-data  20   0  916276 505900  24148 S   0.0  0.4   0:01.70 apache2
top - 08:18:47 up 35 days, 13:57,  8 users,  load average: 3.37, 5.09, 3.02
Tasks:   1 total,   0 running,   1 sleeping,   0 stopped,   0 zombie
%Cpu(s):  0.2 us,  0.1 sy,  0.1 ni, 99.2 id,  0.4 wa,  0.0 hi,  0.0 si,  0.0 st
KiB Mem:  13229052+total, 10856346+used, 23727068 free,  7359600 buffers
KiB Swap: 11869180 total,     4456 used, 11864724 free. 92495456 cached Mem

  PID USER      PR  NI    VIRT    RES    SHR S  %CPU %MEM     TIME+ COMMAND
12280 www-data  20   0  916276 505900  24148 S   0.0  0.4   0:01.70 apache2
top - 08:18:52 up 35 days, 13:57,  8 users,  load average: 3.26, 5.04, 3.01
Tasks:   1 total,   0 running,   1 sleeping,   0 stopped,   0 zombie
%Cpu(s):  0.2 us,  0.1 sy,  0.1 ni, 99.2 id,  0.4 wa,  0.0 hi,  0.0 si,  0.0 st
KiB Mem:  13229052+total, 10856324+used, 23727280 free,  7359600 buffers
KiB Swap: 11869180 total,     4456 used, 11864724 free. 92495456 cached Mem

  PID USER      PR  NI    VIRT    RES    SHR S  %CPU %MEM     TIME+ COMMAND
12280 www-data  20   0  916276 505900  24148 S   0.0  0.4   0:01.70 apache2
top - 08:18:57 up 35 days, 13:57,  8 users,  load average: 3.16, 4.99, 3.01
Tasks:   1 total,   0 running,   1 sleeping,   0 stopped,   0 zombie
%Cpu(s):  0.2 us,  0.1 sy,  0.1 ni, 99.2 id,  0.4 wa,  0.0 hi,  0.0 si,  0.0 st
KiB Mem:  13229052+total, 10857108+used, 23719448 free,  7359600 buffers
KiB Swap: 11869180 total,     4456 used, 11864724 free. 92495456 cached Mem

  PID USER      PR  NI    VIRT    RES    SHR S  %CPU %MEM     TIME+ COMMAND
12280 www-data  20   0  916276 505900  24148 S   0.0  0.4   0:01.70 apache2
top - 08:19:02 up 35 days, 13:57,  8 users,  load average: 3.06, 4.94, 3.00
Tasks:   1 total,   0 running,   1 sleeping,   0 stopped,   0 zombie
%Cpu(s):  0.2 us,  0.1 sy,  0.1 ni, 99.2 id,  0.4 wa,  0.0 hi,  0.0 si,  0.0 st
KiB Mem:  13229052+total, 10857753+used, 23713000 free,  7359604 buffers
KiB Swap: 11869180 total,     4456 used, 11864724 free. 92495456 cached Mem

  PID USER      PR  NI    VIRT    RES    SHR S  %CPU %MEM     TIME+ COMMAND
12280 www-data  20   0  916276 505900  24148 S   0.0  0.4   0:01.70 apache2
top - 08:19:07 up 35 days, 13:57,  8 users,  load average: 2.98, 4.89, 3.00
Tasks:   1 total,   0 running,   1 sleeping,   0 stopped,   0 zombie
%Cpu(s):  0.2 us,  0.1 sy,  0.1 ni, 99.2 id,  0.4 wa,  0.0 hi,  0.0 si,  0.0 st
KiB Mem:  13229052+total, 10841145+used, 23879076 free,  7359608 buffers
KiB Swap: 11869180 total,     4456 used, 11864724 free. 92495456 cached Mem

  PID USER      PR  NI    VIRT    RES    SHR S  %CPU %MEM     TIME+ COMMAND
12280 www-data  20   0  916276 505900  24148 S   0.0  0.4   0:01.70 apache2
top - 08:19:12 up 35 days, 13:57,  8 users,  load average: 2.90, 4.84, 2.99
Tasks:   1 total,   0 running,   1 sleeping,   0 stopped,   0 zombie
%Cpu(s):  0.2 us,  0.1 sy,  0.1 ni, 99.2 id,  0.4 wa,  0.0 hi,  0.0 si,  0.0 st
KiB Mem:  13229052+total, 10842820+used, 23862320 free,  7359612 buffers
KiB Swap: 11869180 total,     4456 used, 11864724 free. 92495456 cached Mem

  PID USER      PR  NI    VIRT    RES    SHR S  %CPU %MEM     TIME+ COMMAND
12280 www-data  20   0  916276 505900  24148 S   0.0  0.4   0:01.70 apache2
top - 08:19:18 up 35 days, 13:57,  8 users,  load average: 2.83, 4.79, 2.98
Tasks:   1 total,   0 running,   1 sleeping,   0 stopped,   0 zombie
%Cpu(s):  0.2 us,  0.1 sy,  0.1 ni, 99.2 id,  0.4 wa,  0.0 hi,  0.0 si,  0.0 st
KiB Mem:  13229052+total, 10843824+used, 23852292 free,  7359616 buffers
KiB Swap: 11869180 total,     4456 used, 11864724 free. 92495464 cached Mem

  PID USER      PR  NI    VIRT    RES    SHR S  %CPU %MEM     TIME+ COMMAND
12280 www-data  20   0  916276 505900  24148 S   0.0  0.4   0:01.70 apache2
top - 08:19:23 up 35 days, 13:57,  8 users,  load average: 2.76, 4.75, 2.98
Tasks:   1 total,   0 running,   1 sleeping,   0 stopped,   0 zombie
%Cpu(s):  0.2 us,  0.1 sy,  0.1 ni, 99.2 id,  0.4 wa,  0.0 hi,  0.0 si,  0.0 st
KiB Mem:  13229052+total, 10844718+used, 23843348 free,  7359620 buffers
KiB Swap: 11869180 total,     4456 used, 11864724 free. 92495456 cached Mem

  PID USER      PR  NI    VIRT    RES    SHR S  %CPU %MEM     TIME+ COMMAND
12280 www-data  20   0  916276 505900  24148 S   0.0  0.4   0:01.70 apache2
top - 08:19:28 up 35 days, 13:57,  8 users,  load average: 2.70, 4.70, 2.97
Tasks:   1 total,   0 running,   1 sleeping,   0 stopped,   0 zombie
%Cpu(s):  0.2 us,  0.1 sy,  0.1 ni, 99.2 id,  0.4 wa,  0.0 hi,  0.0 si,  0.0 st
KiB Mem:  13229052+total, 10845806+used, 23832468 free,  7359624 buffers
KiB Swap: 11869180 total,     4456 used, 11864724 free. 92495456 cached Mem

  PID USER      PR  NI    VIRT    RES    SHR S  %CPU %MEM     TIME+ COMMAND
12280 www-data  20   0  916276 505900  24148 S   0.0  0.4   0:01.70 apache2
top - 08:19:33 up 35 days, 13:57,  8 users,  load average: 2.72, 4.67, 2.97
Tasks:   1 total,   0 running,   1 sleeping,   0 stopped,   0 zombie
%Cpu(s):  0.2 us,  0.1 sy,  0.1 ni, 99.2 id,  0.4 wa,  0.0 hi,  0.0 si,  0.0 st
KiB Mem:  13229052+total, 10846688+used, 23823648 free,  7359628 buffers
KiB Swap: 11869180 total,     4456 used, 11864724 free. 92495464 cached Mem

  PID USER      PR  NI    VIRT    RES    SHR S  %CPU %MEM     TIME+ COMMAND
12280 www-data  20   0  916276 505900  24148 S   0.0  0.4   0:01.70 apache2
top - 08:19:38 up 35 days, 13:58,  8 users,  load average: 2.67, 4.63, 2.97
Tasks:   1 total,   0 running,   1 sleeping,   0 stopped,   0 zombie
%Cpu(s):  0.2 us,  0.1 sy,  0.1 ni, 99.2 id,  0.4 wa,  0.0 hi,  0.0 si,  0.0 st
KiB Mem:  13229052+total, 10847556+used, 23814968 free,  7359632 buffers
KiB Swap: 11869180 total,     4456 used, 11864724 free. 92495488 cached Mem

  PID USER      PR  NI    VIRT    RES    SHR S  %CPU %MEM     TIME+ COMMAND
12280 www-data  20   0  916276 505900  24148 S   0.0  0.4   0:01.70 apache2
top - 08:19:43 up 35 days, 13:58,  8 users,  load average: 2.61, 4.58, 2.96
Tasks:   1 total,   0 running,   1 sleeping,   0 stopped,   0 zombie
%Cpu(s):  0.2 us,  0.1 sy,  0.1 ni, 99.2 id,  0.4 wa,  0.0 hi,  0.0 si,  0.0 st
KiB Mem:  13229052+total, 10849070+used, 23799824 free,  7359636 buffers
KiB Swap: 11869180 total,     4456 used, 11864724 free. 92495488 cached Mem

  PID USER      PR  NI    VIRT    RES    SHR S  %CPU %MEM     TIME+ COMMAND
12280 www-data  20   0  916276 505900  24148 S   0.0  0.4   0:01.70 apache2
top - 08:19:49 up 35 days, 13:58,  8 users,  load average: 2.56, 4.54, 2.96
Tasks:   1 total,   0 running,   1 sleeping,   0 stopped,   0 zombie
%Cpu(s):  0.2 us,  0.1 sy,  0.1 ni, 99.2 id,  0.4 wa,  0.0 hi,  0.0 si,  0.0 st
KiB Mem:  13229052+total, 10849477+used, 23795756 free,  7359644 buffers
KiB Swap: 11869180 total,     4456 used, 11864724 free. 92495480 cached Mem

  PID USER      PR  NI    VIRT    RES    SHR S  %CPU %MEM     TIME+ COMMAND
12280 www-data  20   0  916276 505900  24148 S   0.0  0.4   0:01.70 apache2
top - 08:19:54 up 35 days, 13:58,  8 users,  load average: 2.52, 4.50, 2.95
Tasks:   1 total,   0 running,   1 sleeping,   0 stopped,   0 zombie
%Cpu(s):  0.2 us,  0.1 sy,  0.1 ni, 99.2 id,  0.4 wa,  0.0 hi,  0.0 si,  0.0 st
KiB Mem:  13229052+total, 10849835+used, 23792176 free,  7359648 buffers
KiB Swap: 11869180 total,     4456 used, 11864724 free. 92495488 cached Mem

  PID USER      PR  NI    VIRT    RES    SHR S  %CPU %MEM     TIME+ COMMAND
12280 www-data  20   0  916276 505900  24148 S   0.0  0.4   0:01.70 apache2
top - 08:19:59 up 35 days, 13:58,  8 users,  load average: 2.48, 4.46, 2.95
Tasks:   1 total,   0 running,   1 sleeping,   0 stopped,   0 zombie
%Cpu(s):  0.2 us,  0.1 sy,  0.1 ni, 99.2 id,  0.4 wa,  0.0 hi,  0.0 si,  0.0 st
KiB Mem:  13229052+total, 10850259+used, 23787944 free,  7359652 buffers
KiB Swap: 11869180 total,     4456 used, 11864724 free. 92495488 cached Mem

  PID USER      PR  NI    VIRT    RES    SHR S  %CPU %MEM     TIME+ COMMAND
12280 www-data  20   0  916276 505900  24148 S   0.0  0.4   0:01.70 apache2
top - 08:20:04 up 35 days, 13:58,  8 users,  load average: 2.44, 4.42, 2.94
Tasks:   1 total,   0 running,   1 sleeping,   0 stopped,   0 zombie
%Cpu(s):  0.2 us,  0.1 sy,  0.1 ni, 99.2 id,  0.4 wa,  0.0 hi,  0.0 si,  0.0 st
KiB Mem:  13229052+total, 10853991+used, 23750620 free,  7359656 buffers
KiB Swap: 11869180 total,     4456 used, 11864724 free. 92495600 cached Mem

  PID USER      PR  NI    VIRT    RES    SHR S  %CPU %MEM     TIME+ COMMAND
12280 www-data  20   0  916276 505900  24148 S   0.0  0.4   0:01.70 apache2
top - 08:20:09 up 35 days, 13:58,  8 users,  load average: 2.56, 4.41, 2.95
Tasks:   1 total,   0 running,   1 sleeping,   0 stopped,   0 zombie
%Cpu(s):  0.2 us,  0.1 sy,  0.1 ni, 99.2 id,  0.4 wa,  0.0 hi,  0.0 si,  0.0 st
KiB Mem:  13229052+total, 10853803+used, 23752500 free,  7359660 buffers
KiB Swap: 11869180 total,     4456 used, 11864724 free. 92495632 cached Mem

  PID USER      PR  NI    VIRT    RES    SHR S  %CPU %MEM     TIME+ COMMAND
12280 www-data  20   0  916276 505900  24148 S   0.0  0.4   0:01.70 apache2
top - 08:20:14 up 35 days, 13:58,  8 users,  load average: 2.52, 4.37, 2.94
Tasks:   1 total,   0 running,   1 sleeping,   0 stopped,   0 zombie
%Cpu(s):  0.2 us,  0.1 sy,  0.1 ni, 99.2 id,  0.4 wa,  0.0 hi,  0.0 si,  0.0 st
KiB Mem:  13229052+total, 10852960+used, 23760924 free,  7359664 buffers
KiB Swap: 11869180 total,     4456 used, 11864724 free. 92495616 cached Mem

  PID USER      PR  NI    VIRT    RES    SHR S  %CPU %MEM     TIME+ COMMAND
12280 www-data  20   0  916276 505900  24148 S   0.0  0.4   0:01.70 apache2
top - 08:20:20 up 35 days, 13:58,  8 users,  load average: 2.48, 4.33, 2.94
Tasks:   1 total,   0 running,   1 sleeping,   0 stopped,   0 zombie
%Cpu(s):  0.2 us,  0.1 sy,  0.1 ni, 99.2 id,  0.4 wa,  0.0 hi,  0.0 si,  0.0 st
KiB Mem:  13229052+total, 10853176+used, 23758772 free,  7359668 buffers
KiB Swap: 11869180 total,     4456 used, 11864724 free. 92495632 cached Mem

  PID USER      PR  NI    VIRT    RES    SHR S  %CPU %MEM     TIME+ COMMAND
12280 www-data  20   0  916276 505900  24148 S   0.0  0.4   0:01.70 apache2
top - 08:20:25 up 35 days, 13:58,  8 users,  load average: 2.44, 4.29, 2.93
Tasks:   1 total,   0 running,   1 sleeping,   0 stopped,   0 zombie
%Cpu(s):  0.2 us,  0.1 sy,  0.1 ni, 99.2 id,  0.4 wa,  0.0 hi,  0.0 si,  0.0 st
KiB Mem:  13229052+total, 10853708+used, 23753448 free,  7359672 buffers
KiB Swap: 11869180 total,     4456 used, 11864724 free. 92495632 cached Mem

  PID USER      PR  NI    VIRT    RES    SHR S  %CPU %MEM     TIME+ COMMAND
12280 www-data  20   0  916276 505900  24148 S   0.0  0.4   0:01.70 apache2
top - 08:20:30 up 35 days, 13:58,  8 users,  load average: 2.32, 4.24, 2.92
Tasks:   1 total,   0 running,   1 sleeping,   0 stopped,   0 zombie
%Cpu(s):  0.2 us,  0.1 sy,  0.1 ni, 99.2 id,  0.4 wa,  0.0 hi,  0.0 si,  0.0 st
KiB Mem:  13229052+total, 10855171+used, 23738820 free,  7359680 buffers
KiB Swap: 11869180 total,     4456 used, 11864724 free. 92495952 cached Mem

  PID USER      PR  NI    VIRT    RES    SHR S  %CPU %MEM     TIME+ COMMAND
12280 www-data  20   0  916276 505900  24148 S   0.0  0.4   0:01.70 apache2
top - 08:20:35 up 35 days, 13:59,  8 users,  load average: 2.30, 4.20, 2.92
Tasks:   1 total,   0 running,   1 sleeping,   0 stopped,   0 zombie
%Cpu(s):  0.2 us,  0.1 sy,  0.1 ni, 99.2 id,  0.4 wa,  0.0 hi,  0.0 si,  0.0 st
KiB Mem:  13229052+total, 10857692+used, 23713604 free,  7359688 buffers
KiB Swap: 11869180 total,     4456 used, 11864724 free. 92495952 cached Mem

  PID USER      PR  NI    VIRT    RES    SHR S  %CPU %MEM     TIME+ COMMAND
12280 www-data  20   0  916276 505900  24148 S   0.0  0.4   0:01.70 apache2
top - 08:20:40 up 35 days, 13:59,  8 users,  load average: 2.27, 4.16, 2.91
Tasks:   1 total,   0 running,   1 sleeping,   0 stopped,   0 zombie
%Cpu(s):  0.2 us,  0.1 sy,  0.1 ni, 99.2 id,  0.4 wa,  0.0 hi,  0.0 si,  0.0 st
KiB Mem:  13229052+total, 10858470+used, 23705828 free,  7359696 buffers
KiB Swap: 11869180 total,     4456 used, 11864724 free. 92495968 cached Mem

  PID USER      PR  NI    VIRT    RES    SHR S  %CPU %MEM     TIME+ COMMAND
12280 www-data  20   0  916276 505900  24148 S   0.0  0.4   0:01.70 apache2
top - 08:20:45 up 35 days, 13:59,  8 users,  load average: 2.25, 4.13, 2.91
Tasks:   1 total,   0 running,   1 sleeping,   0 stopped,   0 zombie
%Cpu(s):  0.2 us,  0.1 sy,  0.1 ni, 99.2 id,  0.4 wa,  0.0 hi,  0.0 si,  0.0 st
KiB Mem:  13229052+total, 10859547+used, 23695056 free,  7359700 buffers
KiB Swap: 11869180 total,     4456 used, 11864724 free. 92495960 cached Mem

  PID USER      PR  NI    VIRT    RES    SHR S  %CPU %MEM     TIME+ COMMAND
12280 www-data  20   0  916276 505900  24148 S   0.0  0.4   0:01.70 apache2
top - 08:20:50 up 35 days, 13:59,  8 users,  load average: 2.23, 4.09, 2.90
Tasks:   1 total,   0 running,   1 sleeping,   0 stopped,   0 zombie
%Cpu(s):  0.2 us,  0.1 sy,  0.1 ni, 99.2 id,  0.4 wa,  0.0 hi,  0.0 si,  0.0 st
KiB Mem:  13229052+total, 10861096+used, 23679576 free,  7359708 buffers
KiB Swap: 11869180 total,     4456 used, 11864724 free. 92495952 cached Mem

  PID USER      PR  NI    VIRT    RES    SHR S  %CPU %MEM     TIME+ COMMAND
12280 www-data  20   0  916276 505900  24148 S   0.0  0.4   0:01.70 apache2
top - 08:20:56 up 35 days, 13:59,  8 users,  load average: 2.21, 4.06, 2.90
Tasks:   1 total,   0 running,   1 sleeping,   0 stopped,   0 zombie
%Cpu(s):  0.2 us,  0.1 sy,  0.1 ni, 99.2 id,  0.4 wa,  0.0 hi,  0.0 si,  0.0 st
KiB Mem:  13229052+total, 10861976+used, 23670772 free,  7359716 buffers
KiB Swap: 11869180 total,     4456 used, 11864724 free. 92496336 cached Mem

  PID USER      PR  NI    VIRT    RES    SHR S  %CPU %MEM     TIME+ COMMAND
12280 www-data  20   0  916276 505900  24148 S   0.0  0.4   0:01.70 apache2
top - 08:21:01 up 35 days, 13:59,  8 users,  load average: 2.19, 4.02, 2.89
Tasks:   1 total,   0 running,   1 sleeping,   0 stopped,   0 zombie
%Cpu(s):  0.2 us,  0.1 sy,  0.1 ni, 99.2 id,  0.4 wa,  0.0 hi,  0.0 si,  0.0 st
KiB Mem:  13229052+total, 10863796+used, 23652568 free,  7359720 buffers
KiB Swap: 11869180 total,     4456 used, 11864724 free. 92496344 cached Mem

  PID USER      PR  NI    VIRT    RES    SHR S  %CPU %MEM     TIME+ COMMAND
12280 www-data  20   0  916276 505900  24148 S   0.0  0.4   0:01.70 apache2
top - 08:21:06 up 35 days, 13:59,  8 users,  load average: 2.32, 3.99, 2.89
Tasks:   1 total,   0 running,   1 sleeping,   0 stopped,   0 zombie
%Cpu(s):  0.2 us,  0.1 sy,  0.1 ni, 99.2 id,  0.4 wa,  0.0 hi,  0.0 si,  0.0 st
KiB Mem:  13229052+total, 10866025+used, 23630280 free,  7359724 buffers
KiB Swap: 11869180 total,     4456 used, 11864724 free. 92496344 cached Mem

  PID USER      PR  NI    VIRT    RES    SHR S  %CPU %MEM     TIME+ COMMAND
12280 www-data  20   0  916276 505900  24148 S   0.0  0.4   0:01.70 apache2
top - 08:21:11 up 35 days, 13:59,  8 users,  load average: 2.38, 3.97, 2.89
Tasks:   1 total,   0 running,   1 sleeping,   0 stopped,   0 zombie
%Cpu(s):  0.2 us,  0.1 sy,  0.1 ni, 99.2 id,  0.4 wa,  0.0 hi,  0.0 si,  0.0 st
KiB Mem:  13229052+total, 10866981+used, 23620716 free,  7359728 buffers
KiB Swap: 11869180 total,     4456 used, 11864724 free. 92496352 cached Mem

  PID USER      PR  NI    VIRT    RES    SHR S  %CPU %MEM     TIME+ COMMAND
12280 www-data  20   0  916276 505900  24148 S   0.0  0.4   0:01.70 apache2
top - 08:21:16 up 35 days, 13:59,  8 users,  load average: 2.35, 3.94, 2.89
Tasks:   1 total,   0 running,   1 sleeping,   0 stopped,   0 zombie
%Cpu(s):  0.2 us,  0.1 sy,  0.1 ni, 99.2 id,  0.4 wa,  0.0 hi,  0.0 si,  0.0 st
KiB Mem:  13229052+total, 10869536+used, 23595172 free,  7359736 buffers
KiB Swap: 11869180 total,     4456 used, 11864724 free. 92496352 cached Mem

  PID USER      PR  NI    VIRT    RES    SHR S  %CPU %MEM     TIME+ COMMAND
12280 www-data  20   0  916276 505900  24148 S   0.0  0.4   0:01.70 apache2
top - 08:21:21 up 35 days, 13:59,  8 users,  load average: 2.32, 3.91, 2.88
Tasks:   1 total,   0 running,   1 sleeping,   0 stopped,   0 zombie
%Cpu(s):  0.2 us,  0.1 sy,  0.1 ni, 99.2 id,  0.4 wa,  0.0 hi,  0.0 si,  0.0 st
KiB Mem:  13229052+total, 10871387+used, 23576656 free,  7359744 buffers
KiB Swap: 11869180 total,     4456 used, 11864724 free. 92496344 cached Mem

  PID USER      PR  NI    VIRT    RES    SHR S  %CPU %MEM     TIME+ COMMAND
12280 www-data  20   0  916276 505900  24148 S   0.0  0.4   0:01.70 apache2


##############################

We Are Finished

##############################

